2020-12-24 15:17:30,801  INFO [AIServer] - Starting.....version(6.5.1.4/20201202)
2020-12-24 15:17:30,801  INFO [AIServer] - LogManager configed; FileLoggerHandler
2020-12-24 15:17:30,806  INFO [AIServer] - (TaskScheduler.schedulePeriodicTask)Scheduled[TempDirectoryCleaner] by 31 minutes
2020-12-24 15:17:31,562  INFO [AIServer] - (AIServer.constructor)HSQLDB not usable: java.lang.ClassNotFoundException: aireport.hsqldb.jdbc.JDBCDriver
2020-12-24 15:17:31,627  INFO [AIServer] - (TaskScheduler.schedulePeriodicTask)Scheduled[PreviewCleaner] by 17 minutes
2020-12-24 15:17:31,628  INFO [AIServer] - (TaskScheduler.scheduleDailyTask)Scheduled[FileLoggerHandler] at {14:33, 1:35}
2020-12-24 15:17:31,629  INFO [AIServer] - (testHtmlParserEnvironment)HTML library(aireport-cssbox-4.x.jar) not deployed
2020-12-24 15:17:31,629  INFO [AIServer] - (configFontManager:0)Runtime locale: ko_KR
2020-12-24 15:17:31,629  INFO [AIServer] - (configFontManager:1)Applying user locale-lang: ko
2020-12-24 15:17:31,973  INFO [AIServer] - ReportFontManager registered fonts in <C:\eGovFrameDev-3.8.0-64bit\workspace\.metadata\.plugins\org.eclipse.wst.server.core\tmp0\wtpwebapps\project_seoul_monitoring\ai65\AIReport65\Fonts>: Code2000;나눔고딕;
2020-12-24 15:17:32,101  INFO [AIServer] - (configFontManager:2)Font errorCode: 2
2020-12-24 15:17:32,101  INFO [AIServer] - (configFontManager:3)Font list: [Code2000, 나눔고딕]
2020-12-24 15:17:32,104  INFO [AIServer] - (TaskScheduler.schedulePeriodicTask)Scheduled[FileCacheManager] by 10 minutes
2020-12-24 15:17:32,108  INFO [AIServer] - Started successfully
2020-12-24 17:23:52,927  INFO [AIServer] - Stopped!!!

2020-12-24 17:24:03,107  INFO [AIServer] - Starting.....version(6.5.1.4/20201202)
2020-12-24 17:24:03,107  INFO [AIServer] - LogManager configed; FileLoggerHandler
2020-12-24 17:24:03,112  INFO [AIServer] - (TaskScheduler.schedulePeriodicTask)Scheduled[TempDirectoryCleaner] by 31 minutes
2020-12-24 17:24:03,859  INFO [AIServer] - (AIServer.constructor)HSQLDB not usable: java.lang.ClassNotFoundException: aireport.hsqldb.jdbc.JDBCDriver
2020-12-24 17:24:03,924  INFO [AIServer] - (TaskScheduler.schedulePeriodicTask)Scheduled[PreviewCleaner] by 17 minutes
2020-12-24 17:24:03,925  INFO [AIServer] - (TaskScheduler.scheduleDailyTask)Scheduled[FileLoggerHandler] at {14:33, 1:35}
2020-12-24 17:24:03,926  INFO [AIServer] - (testHtmlParserEnvironment)HTML library(aireport-cssbox-4.x.jar) not deployed
2020-12-24 17:24:03,926  INFO [AIServer] - (configFontManager:0)Runtime locale: ko_KR
2020-12-24 17:24:03,926  INFO [AIServer] - (configFontManager:1)Applying user locale-lang: ko
2020-12-24 17:24:04,247  INFO [AIServer] - ReportFontManager registered fonts in <C:\eGovFrameDev-3.8.0-64bit\workspace\.metadata\.plugins\org.eclipse.wst.server.core\tmp0\wtpwebapps\project_seoul_monitoring\ai65\AIReport65\Fonts>: 
2020-12-24 17:24:04,388  INFO [AIServer] - (configFontManager:3)Font list: [Code2000, 나눔고딕]
2020-12-24 17:24:04,391  INFO [AIServer] - (TaskScheduler.schedulePeriodicTask)Scheduled[FileCacheManager] by 10 minutes
2020-12-24 17:24:04,394  INFO [AIServer] - Started successfully
2020-12-24 17:28:45,684 ERROR [AIServer] - (process)java.io.FileNotFoundException: C:\Users\SolbiTech\Desktop\온실가스모니터링(헤더라임)\sampleJson.json (지정된 경로를 찾을 수 없습니다)
java.io.FileNotFoundException: C:\Users\SolbiTech\Desktop\온실가스모니터링(헤더라임)\sampleJson.json (지정된 경로를 찾을 수 없습니다)
	at java.io.FileInputStream.open0(Native Method)
	at java.io.FileInputStream.open(FileInputStream.java:195)
	at java.io.FileInputStream.<init>(FileInputStream.java:138)
	at activeintra.server.admin.FileCacheManager.streamFileData(Unknown Source)
	at activeintra.server.admin.ResourceManager.streamResourceData(Unknown Source)
	at activeintra.server.admin.ResourceManager.handleDownload(Unknown Source)
	at activeintra.server.admin.ResourceManager.handleTask(Unknown Source)
	at activeintra.server.AIServer.process(Unknown Source)
	at activeintra.server.AIServerJSPServlet.service(Unknown Source)
	at javax.servlet.http.HttpServlet.service(HttpServlet.java:742)
	at org.apache.catalina.core.ApplicationFilterChain.internalDoFilter(ApplicationFilterChain.java:231)
	at org.apache.catalina.core.ApplicationFilterChain.doFilter(ApplicationFilterChain.java:166)
	at org.apache.tomcat.websocket.server.WsFilter.doFilter(WsFilter.java:52)
	at org.apache.catalina.core.ApplicationFilterChain.internalDoFilter(ApplicationFilterChain.java:193)
	at org.apache.catalina.core.ApplicationFilterChain.doFilter(ApplicationFilterChain.java:166)
	at org.apache.catalina.core.StandardWrapperValve.invoke(StandardWrapperValve.java:198)
	at org.apache.catalina.core.StandardContextValve.invoke(StandardContextValve.java:96)
	at org.apache.catalina.authenticator.AuthenticatorBase.invoke(AuthenticatorBase.java:504)
	at org.apache.catalina.core.StandardHostValve.invoke(StandardHostValve.java:140)
	at org.apache.catalina.valves.ErrorReportValve.invoke(ErrorReportValve.java:81)
	at org.apache.catalina.valves.AbstractAccessLogValve.invoke(AbstractAccessLogValve.java:650)
	at org.apache.catalina.core.StandardEngineValve.invoke(StandardEngineValve.java:87)
	at org.apache.catalina.connector.CoyoteAdapter.service(CoyoteAdapter.java:342)
	at org.apache.coyote.http11.Http11Processor.service(Http11Processor.java:803)
	at org.apache.coyote.AbstractProcessorLight.process(AbstractProcessorLight.java:66)
	at org.apache.coyote.AbstractProtocol$ConnectionHandler.process(AbstractProtocol.java:790)
	at org.apache.tomcat.util.net.NioEndpoint$SocketProcessor.doRun(NioEndpoint.java:1459)
	at org.apache.tomcat.util.net.SocketProcessorBase.run(SocketProcessorBase.java:49)
	at java.util.concurrent.ThreadPoolExecutor.runWorker(ThreadPoolExecutor.java:1149)
	at java.util.concurrent.ThreadPoolExecutor$Worker.run(ThreadPoolExecutor.java:624)
	at org.apache.tomcat.util.threads.TaskThread$WrappingRunnable.run(TaskThread.java:61)
	at java.lang.Thread.run(Thread.java:748)
2020-12-24 17:43:02,584 ERROR [AIServer] - (ReportExecutor.execute:0)Report Class failed
java.lang.IllegalStateException: AIReport license violation: #1105 license file not found
	at activeintra.report.ReportManager.<init>(Unknown Source)
	at activeintra.report.ReportExecutor.execute(Unknown Source)
	at activeintra.server.AIServer.executeReport(Unknown Source)
	at activeintra.server.AIServer.process(Unknown Source)
	at activeintra.server.AIServerJSPServlet.service(Unknown Source)
	at javax.servlet.http.HttpServlet.service(HttpServlet.java:742)
	at org.apache.catalina.core.ApplicationFilterChain.internalDoFilter(ApplicationFilterChain.java:231)
	at org.apache.catalina.core.ApplicationFilterChain.doFilter(ApplicationFilterChain.java:166)
	at org.apache.tomcat.websocket.server.WsFilter.doFilter(WsFilter.java:52)
	at org.apache.catalina.core.ApplicationFilterChain.internalDoFilter(ApplicationFilterChain.java:193)
	at org.apache.catalina.core.ApplicationFilterChain.doFilter(ApplicationFilterChain.java:166)
	at org.apache.catalina.core.StandardWrapperValve.invoke(StandardWrapperValve.java:198)
	at org.apache.catalina.core.StandardContextValve.invoke(StandardContextValve.java:96)
	at org.apache.catalina.authenticator.AuthenticatorBase.invoke(AuthenticatorBase.java:504)
	at org.apache.catalina.core.StandardHostValve.invoke(StandardHostValve.java:140)
	at org.apache.catalina.valves.ErrorReportValve.invoke(ErrorReportValve.java:81)
	at org.apache.catalina.valves.AbstractAccessLogValve.invoke(AbstractAccessLogValve.java:650)
	at org.apache.catalina.core.StandardEngineValve.invoke(StandardEngineValve.java:87)
	at org.apache.catalina.connector.CoyoteAdapter.service(CoyoteAdapter.java:342)
	at org.apache.coyote.http11.Http11Processor.service(Http11Processor.java:803)
	at org.apache.coyote.AbstractProcessorLight.process(AbstractProcessorLight.java:66)
	at org.apache.coyote.AbstractProtocol$ConnectionHandler.process(AbstractProtocol.java:790)
	at org.apache.tomcat.util.net.NioEndpoint$SocketProcessor.doRun(NioEndpoint.java:1459)
	at org.apache.tomcat.util.net.SocketProcessorBase.run(SocketProcessorBase.java:49)
	at java.util.concurrent.ThreadPoolExecutor.runWorker(ThreadPoolExecutor.java:1149)
	at java.util.concurrent.ThreadPoolExecutor$Worker.run(ThreadPoolExecutor.java:624)
	at org.apache.tomcat.util.threads.TaskThread$WrappingRunnable.run(TaskThread.java:61)
	at java.lang.Thread.run(Thread.java:748)
2020-12-24 18:01:03,934 DEBUG [AIServer] - (PreviewCleaner.run)Cleaned previews: 1
2020-12-24 18:08:56,831  INFO [AIServer] - Stopped!!!

2020-12-24 18:10:14,826  INFO [AIServer] - Starting.....version(6.5.1.4/20201202)
2020-12-24 18:10:14,826  INFO [AIServer] - LogManager configed; FileLoggerHandler
2020-12-24 18:10:14,831  INFO [AIServer] - (TaskScheduler.schedulePeriodicTask)Scheduled[TempDirectoryCleaner] by 31 minutes
2020-12-24 18:10:15,504  INFO [AIServer] - (AIServer.constructor)HSQLDB not usable: java.lang.ClassNotFoundException: aireport.hsqldb.jdbc.JDBCDriver
2020-12-24 18:10:15,573  INFO [AIServer] - (TaskScheduler.schedulePeriodicTask)Scheduled[PreviewCleaner] by 17 minutes
2020-12-24 18:10:15,574  INFO [AIServer] - (TaskScheduler.scheduleDailyTask)Scheduled[FileLoggerHandler] at {14:33, 1:35}
2020-12-24 18:10:15,574  INFO [AIServer] - (testHtmlParserEnvironment)HTML library(aireport-cssbox-4.x.jar) not deployed
2020-12-24 18:10:15,575  INFO [AIServer] - (configFontManager:0)Runtime locale: ko_KR
2020-12-24 18:10:15,575  INFO [AIServer] - (configFontManager:1)Applying user locale-lang: ko
2020-12-24 18:10:15,929  INFO [AIServer] - ReportFontManager registered fonts in <C:\eGovFrameDev-3.8.0-64bit\workspace\.metadata\.plugins\org.eclipse.wst.server.core\tmp0\wtpwebapps\project_seoul_monitoring\ai65\AIReport65\Fonts>: 
2020-12-24 18:10:16,077  INFO [AIServer] - (configFontManager:3)Font list: [Code2000, 나눔고딕]
2020-12-24 18:10:16,080  INFO [AIServer] - (TaskScheduler.schedulePeriodicTask)Scheduled[FileCacheManager] by 10 minutes
2020-12-24 18:10:16,082  INFO [AIServer] - Started successfully
2020-12-24 18:14:28,589 ERROR [Report:sector] - (ReportImpl.execute)Failed
java.lang.ClassCastException: org.json.simple.JSONArray cannot be cast to activeintra.data.json.JSONArray
	at aiuser.Report_sector.onRunSheet(Report_sector.java:57)
	at activeintra.report.impl.ReportImpl.doExecute(Unknown Source)
	at activeintra.report.impl.ReportImpl.execute(Unknown Source)
	at activeintra.report.ReportExecutor.execute(Unknown Source)
	at activeintra.server.AIServer.executeReport(Unknown Source)
	at activeintra.server.AIServer.process(Unknown Source)
	at activeintra.server.AIServerJSPServlet.service(Unknown Source)
	at javax.servlet.http.HttpServlet.service(HttpServlet.java:742)
	at org.apache.catalina.core.ApplicationFilterChain.internalDoFilter(ApplicationFilterChain.java:231)
	at org.apache.catalina.core.ApplicationFilterChain.doFilter(ApplicationFilterChain.java:166)
	at org.apache.tomcat.websocket.server.WsFilter.doFilter(WsFilter.java:52)
	at org.apache.catalina.core.ApplicationFilterChain.internalDoFilter(ApplicationFilterChain.java:193)
	at org.apache.catalina.core.ApplicationFilterChain.doFilter(ApplicationFilterChain.java:166)
	at org.apache.catalina.core.StandardWrapperValve.invoke(StandardWrapperValve.java:198)
	at org.apache.catalina.core.StandardContextValve.invoke(StandardContextValve.java:96)
	at org.apache.catalina.authenticator.AuthenticatorBase.invoke(AuthenticatorBase.java:504)
	at org.apache.catalina.core.StandardHostValve.invoke(StandardHostValve.java:140)
	at org.apache.catalina.valves.ErrorReportValve.invoke(ErrorReportValve.java:81)
	at org.apache.catalina.valves.AbstractAccessLogValve.invoke(AbstractAccessLogValve.java:650)
	at org.apache.catalina.core.StandardEngineValve.invoke(StandardEngineValve.java:87)
	at org.apache.catalina.connector.CoyoteAdapter.service(CoyoteAdapter.java:342)
	at org.apache.coyote.http11.Http11Processor.service(Http11Processor.java:803)
	at org.apache.coyote.AbstractProcessorLight.process(AbstractProcessorLight.java:66)
	at org.apache.coyote.AbstractProtocol$ConnectionHandler.process(AbstractProtocol.java:790)
	at org.apache.tomcat.util.net.NioEndpoint$SocketProcessor.doRun(NioEndpoint.java:1459)
	at org.apache.tomcat.util.net.SocketProcessorBase.run(SocketProcessorBase.java:49)
	at java.util.concurrent.ThreadPoolExecutor.runWorker(ThreadPoolExecutor.java:1149)
	at java.util.concurrent.ThreadPoolExecutor$Worker.run(ThreadPoolExecutor.java:624)
	at org.apache.tomcat.util.threads.TaskThread$WrappingRunnable.run(TaskThread.java:61)
	at java.lang.Thread.run(Thread.java:748)
2020-12-24 18:14:59,112 ERROR [Report:sector] - (ReportImpl.execute)Failed
java.lang.ClassCastException: org.json.simple.JSONArray cannot be cast to activeintra.data.json.JSONArray
	at aiuser.Report_sector.onRunSheet(Report_sector.java:57)
	at activeintra.report.impl.ReportImpl.doExecute(Unknown Source)
	at activeintra.report.impl.ReportImpl.execute(Unknown Source)
	at activeintra.report.ReportExecutor.execute(Unknown Source)
	at activeintra.server.AIServer.executeReport(Unknown Source)
	at activeintra.server.AIServer.process(Unknown Source)
	at activeintra.server.AIServerJSPServlet.service(Unknown Source)
	at javax.servlet.http.HttpServlet.service(HttpServlet.java:742)
	at org.apache.catalina.core.ApplicationFilterChain.internalDoFilter(ApplicationFilterChain.java:231)
	at org.apache.catalina.core.ApplicationFilterChain.doFilter(ApplicationFilterChain.java:166)
	at org.apache.tomcat.websocket.server.WsFilter.doFilter(WsFilter.java:52)
	at org.apache.catalina.core.ApplicationFilterChain.internalDoFilter(ApplicationFilterChain.java:193)
	at org.apache.catalina.core.ApplicationFilterChain.doFilter(ApplicationFilterChain.java:166)
	at org.apache.catalina.core.StandardWrapperValve.invoke(StandardWrapperValve.java:198)
	at org.apache.catalina.core.StandardContextValve.invoke(StandardContextValve.java:96)
	at org.apache.catalina.authenticator.AuthenticatorBase.invoke(AuthenticatorBase.java:504)
	at org.apache.catalina.core.StandardHostValve.invoke(StandardHostValve.java:140)
	at org.apache.catalina.valves.ErrorReportValve.invoke(ErrorReportValve.java:81)
	at org.apache.catalina.valves.AbstractAccessLogValve.invoke(AbstractAccessLogValve.java:650)
	at org.apache.catalina.core.StandardEngineValve.invoke(StandardEngineValve.java:87)
	at org.apache.catalina.connector.CoyoteAdapter.service(CoyoteAdapter.java:342)
	at org.apache.coyote.http11.Http11Processor.service(Http11Processor.java:803)
	at org.apache.coyote.AbstractProcessorLight.process(AbstractProcessorLight.java:66)
	at org.apache.coyote.AbstractProtocol$ConnectionHandler.process(AbstractProtocol.java:790)
	at org.apache.tomcat.util.net.NioEndpoint$SocketProcessor.doRun(NioEndpoint.java:1459)
	at org.apache.tomcat.util.net.SocketProcessorBase.run(SocketProcessorBase.java:49)
	at java.util.concurrent.ThreadPoolExecutor.runWorker(ThreadPoolExecutor.java:1149)
	at java.util.concurrent.ThreadPoolExecutor$Worker.run(ThreadPoolExecutor.java:624)
	at org.apache.tomcat.util.threads.TaskThread$WrappingRunnable.run(TaskThread.java:61)
	at java.lang.Thread.run(Thread.java:748)
2020-12-24 18:41:28,345 ERROR [Report:sector] - (ReportImpl.execute)Failed
java.lang.ClassCastException: java.util.HashMap$KeySet cannot be cast to java.util.Iterator
	at aiuser.Band_sector_Sheet1_title.onBinding(Band_sector_Sheet1_title.java:68)
	at activeintra.report.impl.BandImpl.doExecute(Unknown Source)
	at activeintra.report.impl.BandImpl.execute(Unknown Source)
	at aiuser.Sheet_sector_Sheet1.runBand(Sheet_sector_Sheet1.java:39)
	at activeintra.report.impl.SheetImpl.onRunBand(Unknown Source)
	at activeintra.report.impl.SheetImpl.doExecute(Unknown Source)
	at activeintra.report.impl.SheetImpl.execute(Unknown Source)
	at aiuser.Report_sector.runSheet(Report_sector.java:44)
	at activeintra.report.impl.ReportImpl.onRunSheet(Unknown Source)
	at activeintra.report.impl.ReportImpl.doExecute(Unknown Source)
	at activeintra.report.impl.ReportImpl.execute(Unknown Source)
	at activeintra.report.ReportExecutor.execute(Unknown Source)
	at activeintra.server.AIServer.executeReport(Unknown Source)
	at activeintra.server.AIServer.process(Unknown Source)
	at activeintra.server.AIServerJSPServlet.service(Unknown Source)
	at javax.servlet.http.HttpServlet.service(HttpServlet.java:742)
	at org.apache.catalina.core.ApplicationFilterChain.internalDoFilter(ApplicationFilterChain.java:231)
	at org.apache.catalina.core.ApplicationFilterChain.doFilter(ApplicationFilterChain.java:166)
	at org.apache.tomcat.websocket.server.WsFilter.doFilter(WsFilter.java:52)
	at org.apache.catalina.core.ApplicationFilterChain.internalDoFilter(ApplicationFilterChain.java:193)
	at org.apache.catalina.core.ApplicationFilterChain.doFilter(ApplicationFilterChain.java:166)
	at org.apache.catalina.core.StandardWrapperValve.invoke(StandardWrapperValve.java:198)
	at org.apache.catalina.core.StandardContextValve.invoke(StandardContextValve.java:96)
	at org.apache.catalina.authenticator.AuthenticatorBase.invoke(AuthenticatorBase.java:504)
	at org.apache.catalina.core.StandardHostValve.invoke(StandardHostValve.java:140)
	at org.apache.catalina.valves.ErrorReportValve.invoke(ErrorReportValve.java:81)
	at org.apache.catalina.valves.AbstractAccessLogValve.invoke(AbstractAccessLogValve.java:650)
	at org.apache.catalina.core.StandardEngineValve.invoke(StandardEngineValve.java:87)
	at org.apache.catalina.connector.CoyoteAdapter.service(CoyoteAdapter.java:342)
	at org.apache.coyote.http11.Http11Processor.service(Http11Processor.java:803)
	at org.apache.coyote.AbstractProcessorLight.process(AbstractProcessorLight.java:66)
	at org.apache.coyote.AbstractProtocol$ConnectionHandler.process(AbstractProtocol.java:790)
	at org.apache.tomcat.util.net.NioEndpoint$SocketProcessor.doRun(NioEndpoint.java:1459)
	at org.apache.tomcat.util.net.SocketProcessorBase.run(SocketProcessorBase.java:49)
	at java.util.concurrent.ThreadPoolExecutor.runWorker(ThreadPoolExecutor.java:1149)
	at java.util.concurrent.ThreadPoolExecutor$Worker.run(ThreadPoolExecutor.java:624)
	at org.apache.tomcat.util.threads.TaskThread$WrappingRunnable.run(TaskThread.java:61)
	at java.lang.Thread.run(Thread.java:748)
2020-12-24 18:50:40,097 ERROR [Report:3eeab3f560d045fab8a46cf4a8b27a5b] - (ReportImpl.execute)Failed
java.lang.NullPointerException
	at java.io.StringReader.<init>(StringReader.java:50)
	at org.json.simple.parser.JSONParser.parse(JSONParser.java:79)
	at org.json.simple.parser.JSONParser.parse(JSONParser.java:75)
	at aiuser.Band_3eeab3f560d045fab8a46cf4a8b27a5b_Sheet1_title.onBinding(Band_3eeab3f560d045fab8a46cf4a8b27a5b_Sheet1_title.java:63)
	at activeintra.report.impl.BandImpl.doExecute(Unknown Source)
	at activeintra.report.impl.BandImpl.execute(Unknown Source)
	at aiuser.Sheet_3eeab3f560d045fab8a46cf4a8b27a5b_Sheet1.runBand(Sheet_3eeab3f560d045fab8a46cf4a8b27a5b_Sheet1.java:39)
	at activeintra.report.impl.SheetImpl.onRunBand(Unknown Source)
	at activeintra.report.impl.SheetImpl.doExecute(Unknown Source)
	at activeintra.report.impl.SheetImpl.execute(Unknown Source)
	at aiuser.Report_3eeab3f560d045fab8a46cf4a8b27a5b.runSheet(Report_3eeab3f560d045fab8a46cf4a8b27a5b.java:44)
	at activeintra.report.impl.ReportImpl.onRunSheet(Unknown Source)
	at activeintra.report.impl.ReportImpl.doExecute(Unknown Source)
	at activeintra.report.impl.ReportImpl.execute(Unknown Source)
	at activeintra.report.ReportExecutor.execute(Unknown Source)
	at activeintra.server.AIServer.executeReport(Unknown Source)
	at activeintra.server.AIServer.process(Unknown Source)
	at activeintra.server.AIServerJSPServlet.service(Unknown Source)
	at javax.servlet.http.HttpServlet.service(HttpServlet.java:742)
	at org.apache.catalina.core.ApplicationFilterChain.internalDoFilter(ApplicationFilterChain.java:231)
	at org.apache.catalina.core.ApplicationFilterChain.doFilter(ApplicationFilterChain.java:166)
	at org.apache.tomcat.websocket.server.WsFilter.doFilter(WsFilter.java:52)
	at org.apache.catalina.core.ApplicationFilterChain.internalDoFilter(ApplicationFilterChain.java:193)
	at org.apache.catalina.core.ApplicationFilterChain.doFilter(ApplicationFilterChain.java:166)
	at org.apache.catalina.core.StandardWrapperValve.invoke(StandardWrapperValve.java:198)
	at org.apache.catalina.core.StandardContextValve.invoke(StandardContextValve.java:96)
	at org.apache.catalina.authenticator.AuthenticatorBase.invoke(AuthenticatorBase.java:504)
	at org.apache.catalina.core.StandardHostValve.invoke(StandardHostValve.java:140)
	at org.apache.catalina.valves.ErrorReportValve.invoke(ErrorReportValve.java:81)
	at org.apache.catalina.valves.AbstractAccessLogValve.invoke(AbstractAccessLogValve.java:650)
	at org.apache.catalina.core.StandardEngineValve.invoke(StandardEngineValve.java:87)
	at org.apache.catalina.connector.CoyoteAdapter.service(CoyoteAdapter.java:342)
	at org.apache.coyote.http11.Http11Processor.service(Http11Processor.java:803)
	at org.apache.coyote.AbstractProcessorLight.process(AbstractProcessorLight.java:66)
	at org.apache.coyote.AbstractProtocol$ConnectionHandler.process(AbstractProtocol.java:790)
	at org.apache.tomcat.util.net.NioEndpoint$SocketProcessor.doRun(NioEndpoint.java:1459)
	at org.apache.tomcat.util.net.SocketProcessorBase.run(SocketProcessorBase.java:49)
	at java.util.concurrent.ThreadPoolExecutor.runWorker(ThreadPoolExecutor.java:1149)
	at java.util.concurrent.ThreadPoolExecutor$Worker.run(ThreadPoolExecutor.java:624)
	at org.apache.tomcat.util.threads.TaskThread$WrappingRunnable.run(TaskThread.java:61)
	at java.lang.Thread.run(Thread.java:748)
2020-12-24 19:06:42,824  INFO [AIServer] - Stopped!!!

2020-12-24 19:07:07,760  INFO [AIServer] - Starting.....version(6.5.1.4/20201202)
2020-12-24 19:07:07,760  INFO [AIServer] - LogManager configed; FileLoggerHandler
2020-12-24 19:07:07,764  INFO [AIServer] - (TaskScheduler.schedulePeriodicTask)Scheduled[TempDirectoryCleaner] by 31 minutes
2020-12-24 19:07:08,430  INFO [AIServer] - (AIServer.constructor)HSQLDB not usable: java.lang.ClassNotFoundException: aireport.hsqldb.jdbc.JDBCDriver
2020-12-24 19:07:08,497  INFO [AIServer] - (TaskScheduler.schedulePeriodicTask)Scheduled[PreviewCleaner] by 17 minutes
2020-12-24 19:07:08,498  INFO [AIServer] - (TaskScheduler.scheduleDailyTask)Scheduled[FileLoggerHandler] at {14:33, 1:35}
2020-12-24 19:07:08,499  INFO [AIServer] - (testHtmlParserEnvironment)HTML library(aireport-cssbox-4.x.jar) not deployed
2020-12-24 19:07:08,499  INFO [AIServer] - (configFontManager:0)Runtime locale: ko_KR
2020-12-24 19:07:08,499  INFO [AIServer] - (configFontManager:1)Applying user locale-lang: ko
2020-12-24 19:07:08,825  INFO [AIServer] - ReportFontManager registered fonts in <C:\eGovFrameDev-3.8.0-64bit\workspace\.metadata\.plugins\org.eclipse.wst.server.core\tmp0\wtpwebapps\project_seoul_monitoring\ai65\AIReport65\Fonts>: 
2020-12-24 19:07:08,962  INFO [AIServer] - (configFontManager:3)Font list: [Code2000, 나눔고딕]
2020-12-24 19:07:08,965  INFO [AIServer] - (TaskScheduler.schedulePeriodicTask)Scheduled[FileCacheManager] by 10 minutes
2020-12-24 19:07:08,968  INFO [AIServer] - Started successfully
2020-12-24 19:11:07,511 ERROR [Report:ab1266b5436541d18cbd9616ae7b7e56] - (ReportImpl.execute)Failed
java.lang.NullPointerException
	at java.io.StringReader.<init>(StringReader.java:50)
	at org.json.simple.parser.JSONParser.parse(JSONParser.java:79)
	at org.json.simple.parser.JSONParser.parse(JSONParser.java:75)
	at aiuser.Band_ab1266b5436541d18cbd9616ae7b7e56_Sheet1_title.onBinding(Band_ab1266b5436541d18cbd9616ae7b7e56_Sheet1_title.java:63)
	at activeintra.report.impl.BandImpl.doExecute(Unknown Source)
	at activeintra.report.impl.BandImpl.execute(Unknown Source)
	at aiuser.Sheet_ab1266b5436541d18cbd9616ae7b7e56_Sheet1.runBand(Sheet_ab1266b5436541d18cbd9616ae7b7e56_Sheet1.java:39)
	at activeintra.report.impl.SheetImpl.onRunBand(Unknown Source)
	at activeintra.report.impl.SheetImpl.doExecute(Unknown Source)
	at activeintra.report.impl.SheetImpl.execute(Unknown Source)
	at aiuser.Report_ab1266b5436541d18cbd9616ae7b7e56.runSheet(Report_ab1266b5436541d18cbd9616ae7b7e56.java:44)
	at activeintra.report.impl.ReportImpl.onRunSheet(Unknown Source)
	at activeintra.report.impl.ReportImpl.doExecute(Unknown Source)
	at activeintra.report.impl.ReportImpl.execute(Unknown Source)
	at activeintra.report.ReportExecutor.execute(Unknown Source)
	at activeintra.server.AIServer.executeReport(Unknown Source)
	at activeintra.server.AIServer.process(Unknown Source)
	at activeintra.server.AIServerJSPServlet.service(Unknown Source)
	at javax.servlet.http.HttpServlet.service(HttpServlet.java:742)
	at org.apache.catalina.core.ApplicationFilterChain.internalDoFilter(ApplicationFilterChain.java:231)
	at org.apache.catalina.core.ApplicationFilterChain.doFilter(ApplicationFilterChain.java:166)
	at org.apache.tomcat.websocket.server.WsFilter.doFilter(WsFilter.java:52)
	at org.apache.catalina.core.ApplicationFilterChain.internalDoFilter(ApplicationFilterChain.java:193)
	at org.apache.catalina.core.ApplicationFilterChain.doFilter(ApplicationFilterChain.java:166)
	at org.apache.catalina.core.StandardWrapperValve.invoke(StandardWrapperValve.java:198)
	at org.apache.catalina.core.StandardContextValve.invoke(StandardContextValve.java:96)
	at org.apache.catalina.authenticator.AuthenticatorBase.invoke(AuthenticatorBase.java:504)
	at org.apache.catalina.core.StandardHostValve.invoke(StandardHostValve.java:140)
	at org.apache.catalina.valves.ErrorReportValve.invoke(ErrorReportValve.java:81)
	at org.apache.catalina.valves.AbstractAccessLogValve.invoke(AbstractAccessLogValve.java:650)
	at org.apache.catalina.core.StandardEngineValve.invoke(StandardEngineValve.java:87)
	at org.apache.catalina.connector.CoyoteAdapter.service(CoyoteAdapter.java:342)
	at org.apache.coyote.http11.Http11Processor.service(Http11Processor.java:803)
	at org.apache.coyote.AbstractProcessorLight.process(AbstractProcessorLight.java:66)
	at org.apache.coyote.AbstractProtocol$ConnectionHandler.process(AbstractProtocol.java:790)
	at org.apache.tomcat.util.net.NioEndpoint$SocketProcessor.doRun(NioEndpoint.java:1459)
	at org.apache.tomcat.util.net.SocketProcessorBase.run(SocketProcessorBase.java:49)
	at java.util.concurrent.ThreadPoolExecutor.runWorker(ThreadPoolExecutor.java:1149)
	at java.util.concurrent.ThreadPoolExecutor$Worker.run(ThreadPoolExecutor.java:624)
	at org.apache.tomcat.util.threads.TaskThread$WrappingRunnable.run(TaskThread.java:61)
	at java.lang.Thread.run(Thread.java:748)
2020-12-24 19:11:27,949 ERROR [Report:7c98693ae09b4f4190b9b3b28ee85a12] - (ReportImpl.execute)Failed
java.lang.ClassCastException: java.lang.String cannot be cast to org.json.simple.JSONArray
	at aiuser.Band_7c98693ae09b4f4190b9b3b28ee85a12_Sheet1_title.onBinding(Band_7c98693ae09b4f4190b9b3b28ee85a12_Sheet1_title.java:63)
	at activeintra.report.impl.BandImpl.doExecute(Unknown Source)
	at activeintra.report.impl.BandImpl.execute(Unknown Source)
	at aiuser.Sheet_7c98693ae09b4f4190b9b3b28ee85a12_Sheet1.runBand(Sheet_7c98693ae09b4f4190b9b3b28ee85a12_Sheet1.java:39)
	at activeintra.report.impl.SheetImpl.onRunBand(Unknown Source)
	at activeintra.report.impl.SheetImpl.doExecute(Unknown Source)
	at activeintra.report.impl.SheetImpl.execute(Unknown Source)
	at aiuser.Report_7c98693ae09b4f4190b9b3b28ee85a12.runSheet(Report_7c98693ae09b4f4190b9b3b28ee85a12.java:44)
	at activeintra.report.impl.ReportImpl.onRunSheet(Unknown Source)
	at activeintra.report.impl.ReportImpl.doExecute(Unknown Source)
	at activeintra.report.impl.ReportImpl.execute(Unknown Source)
	at activeintra.report.ReportExecutor.execute(Unknown Source)
	at activeintra.server.AIServer.executeReport(Unknown Source)
	at activeintra.server.AIServer.process(Unknown Source)
	at activeintra.server.AIServerJSPServlet.service(Unknown Source)
	at javax.servlet.http.HttpServlet.service(HttpServlet.java:742)
	at org.apache.catalina.core.ApplicationFilterChain.internalDoFilter(ApplicationFilterChain.java:231)
	at org.apache.catalina.core.ApplicationFilterChain.doFilter(ApplicationFilterChain.java:166)
	at org.apache.tomcat.websocket.server.WsFilter.doFilter(WsFilter.java:52)
	at org.apache.catalina.core.ApplicationFilterChain.internalDoFilter(ApplicationFilterChain.java:193)
	at org.apache.catalina.core.ApplicationFilterChain.doFilter(ApplicationFilterChain.java:166)
	at org.apache.catalina.core.StandardWrapperValve.invoke(StandardWrapperValve.java:198)
	at org.apache.catalina.core.StandardContextValve.invoke(StandardContextValve.java:96)
	at org.apache.catalina.authenticator.AuthenticatorBase.invoke(AuthenticatorBase.java:504)
	at org.apache.catalina.core.StandardHostValve.invoke(StandardHostValve.java:140)
	at org.apache.catalina.valves.ErrorReportValve.invoke(ErrorReportValve.java:81)
	at org.apache.catalina.valves.AbstractAccessLogValve.invoke(AbstractAccessLogValve.java:650)
	at org.apache.catalina.core.StandardEngineValve.invoke(StandardEngineValve.java:87)
	at org.apache.catalina.connector.CoyoteAdapter.service(CoyoteAdapter.java:342)
	at org.apache.coyote.http11.Http11Processor.service(Http11Processor.java:803)
	at org.apache.coyote.AbstractProcessorLight.process(AbstractProcessorLight.java:66)
	at org.apache.coyote.AbstractProtocol$ConnectionHandler.process(AbstractProtocol.java:790)
	at org.apache.tomcat.util.net.NioEndpoint$SocketProcessor.doRun(NioEndpoint.java:1459)
	at org.apache.tomcat.util.net.SocketProcessorBase.run(SocketProcessorBase.java:49)
	at java.util.concurrent.ThreadPoolExecutor.runWorker(ThreadPoolExecutor.java:1149)
	at java.util.concurrent.ThreadPoolExecutor$Worker.run(ThreadPoolExecutor.java:624)
	at org.apache.tomcat.util.threads.TaskThread$WrappingRunnable.run(TaskThread.java:61)
	at java.lang.Thread.run(Thread.java:748)
2020-12-24 19:20:22,540 ERROR [Report:sector] - (ReportImpl.execute)Failed
java.lang.ArrayIndexOutOfBoundsException: 2
	at aiuser.Band_sector_Sheet1_title.onBinding(Band_sector_Sheet1_title.java:76)
	at activeintra.report.impl.BandImpl.doExecute(Unknown Source)
	at activeintra.report.impl.BandImpl.execute(Unknown Source)
	at aiuser.Sheet_sector_Sheet1.runBand(Sheet_sector_Sheet1.java:39)
	at activeintra.report.impl.SheetImpl.onRunBand(Unknown Source)
	at activeintra.report.impl.SheetImpl.doExecute(Unknown Source)
	at activeintra.report.impl.SheetImpl.execute(Unknown Source)
	at aiuser.Report_sector.runSheet(Report_sector.java:44)
	at activeintra.report.impl.ReportImpl.onRunSheet(Unknown Source)
	at activeintra.report.impl.ReportImpl.doExecute(Unknown Source)
	at activeintra.report.impl.ReportImpl.execute(Unknown Source)
	at activeintra.report.ReportExecutor.execute(Unknown Source)
	at activeintra.server.AIServer.executeReport(Unknown Source)
	at activeintra.server.AIServer.process(Unknown Source)
	at activeintra.server.AIServerJSPServlet.service(Unknown Source)
	at javax.servlet.http.HttpServlet.service(HttpServlet.java:742)
	at org.apache.catalina.core.ApplicationFilterChain.internalDoFilter(ApplicationFilterChain.java:231)
	at org.apache.catalina.core.ApplicationFilterChain.doFilter(ApplicationFilterChain.java:166)
	at org.apache.tomcat.websocket.server.WsFilter.doFilter(WsFilter.java:52)
	at org.apache.catalina.core.ApplicationFilterChain.internalDoFilter(ApplicationFilterChain.java:193)
	at org.apache.catalina.core.ApplicationFilterChain.doFilter(ApplicationFilterChain.java:166)
	at org.apache.catalina.core.StandardWrapperValve.invoke(StandardWrapperValve.java:198)
	at org.apache.catalina.core.StandardContextValve.invoke(StandardContextValve.java:96)
	at org.apache.catalina.authenticator.AuthenticatorBase.invoke(AuthenticatorBase.java:504)
	at org.apache.catalina.core.StandardHostValve.invoke(StandardHostValve.java:140)
	at org.apache.catalina.valves.ErrorReportValve.invoke(ErrorReportValve.java:81)
	at org.apache.catalina.valves.AbstractAccessLogValve.invoke(AbstractAccessLogValve.java:650)
	at org.apache.catalina.core.StandardEngineValve.invoke(StandardEngineValve.java:87)
	at org.apache.catalina.connector.CoyoteAdapter.service(CoyoteAdapter.java:342)
	at org.apache.coyote.http11.Http11Processor.service(Http11Processor.java:803)
	at org.apache.coyote.AbstractProcessorLight.process(AbstractProcessorLight.java:66)
	at org.apache.coyote.AbstractProtocol$ConnectionHandler.process(AbstractProtocol.java:790)
	at org.apache.tomcat.util.net.NioEndpoint$SocketProcessor.doRun(NioEndpoint.java:1459)
	at org.apache.tomcat.util.net.SocketProcessorBase.run(SocketProcessorBase.java:49)
	at java.util.concurrent.ThreadPoolExecutor.runWorker(ThreadPoolExecutor.java:1149)
	at java.util.concurrent.ThreadPoolExecutor$Worker.run(ThreadPoolExecutor.java:624)
	at org.apache.tomcat.util.threads.TaskThread$WrappingRunnable.run(TaskThread.java:61)
	at java.lang.Thread.run(Thread.java:748)
2020-12-24 19:22:16,403 ERROR [Report:sector] - (ReportImpl.execute)Failed
java.lang.ArrayIndexOutOfBoundsException: 2
	at aiuser.Band_sector_Sheet1_title.onBinding(Band_sector_Sheet1_title.java:76)
	at activeintra.report.impl.BandImpl.doExecute(Unknown Source)
	at activeintra.report.impl.BandImpl.execute(Unknown Source)
	at aiuser.Sheet_sector_Sheet1.runBand(Sheet_sector_Sheet1.java:39)
	at activeintra.report.impl.SheetImpl.onRunBand(Unknown Source)
	at activeintra.report.impl.SheetImpl.doExecute(Unknown Source)
	at activeintra.report.impl.SheetImpl.execute(Unknown Source)
	at aiuser.Report_sector.runSheet(Report_sector.java:44)
	at activeintra.report.impl.ReportImpl.onRunSheet(Unknown Source)
	at activeintra.report.impl.ReportImpl.doExecute(Unknown Source)
	at activeintra.report.impl.ReportImpl.execute(Unknown Source)
	at activeintra.report.ReportExecutor.execute(Unknown Source)
	at activeintra.server.AIServer.executeReport(Unknown Source)
	at activeintra.server.AIServer.process(Unknown Source)
	at activeintra.server.AIServerJSPServlet.service(Unknown Source)
	at javax.servlet.http.HttpServlet.service(HttpServlet.java:742)
	at org.apache.catalina.core.ApplicationFilterChain.internalDoFilter(ApplicationFilterChain.java:231)
	at org.apache.catalina.core.ApplicationFilterChain.doFilter(ApplicationFilterChain.java:166)
	at org.apache.tomcat.websocket.server.WsFilter.doFilter(WsFilter.java:52)
	at org.apache.catalina.core.ApplicationFilterChain.internalDoFilter(ApplicationFilterChain.java:193)
	at org.apache.catalina.core.ApplicationFilterChain.doFilter(ApplicationFilterChain.java:166)
	at org.apache.catalina.core.StandardWrapperValve.invoke(StandardWrapperValve.java:198)
	at org.apache.catalina.core.StandardContextValve.invoke(StandardContextValve.java:96)
	at org.apache.catalina.authenticator.AuthenticatorBase.invoke(AuthenticatorBase.java:504)
	at org.apache.catalina.core.StandardHostValve.invoke(StandardHostValve.java:140)
	at org.apache.catalina.valves.ErrorReportValve.invoke(ErrorReportValve.java:81)
	at org.apache.catalina.valves.AbstractAccessLogValve.invoke(AbstractAccessLogValve.java:650)
	at org.apache.catalina.core.StandardEngineValve.invoke(StandardEngineValve.java:87)
	at org.apache.catalina.connector.CoyoteAdapter.service(CoyoteAdapter.java:342)
	at org.apache.coyote.http11.Http11Processor.service(Http11Processor.java:803)
	at org.apache.coyote.AbstractProcessorLight.process(AbstractProcessorLight.java:66)
	at org.apache.coyote.AbstractProtocol$ConnectionHandler.process(AbstractProtocol.java:790)
	at org.apache.tomcat.util.net.NioEndpoint$SocketProcessor.doRun(NioEndpoint.java:1459)
	at org.apache.tomcat.util.net.SocketProcessorBase.run(SocketProcessorBase.java:49)
	at java.util.concurrent.ThreadPoolExecutor.runWorker(ThreadPoolExecutor.java:1149)
	at java.util.concurrent.ThreadPoolExecutor$Worker.run(ThreadPoolExecutor.java:624)
	at org.apache.tomcat.util.threads.TaskThread$WrappingRunnable.run(TaskThread.java:61)
	at java.lang.Thread.run(Thread.java:748)
2020-12-24 19:44:08,526 DEBUG [AIServer] - (PreviewCleaner.run)Cleaned previews: 1
